This file contains any messages produced by compilers while
running configure, to aid debugging if configure makes a mistake.

It was created by belle-sip configure 1.3.3, which was
generated by GNU Autoconf 2.69.  Invocation command line was

  $ ./configure 

## --------- ##
## Platform. ##
## --------- ##

hostname = netsentry-D4-3D-7E-4E-52-DC
uname -m = x86_64
uname -r = 3.16.3-x86_64-dts
uname -s = Linux
uname -v = #1 SMP PREEMPT Thu Oct 9 23:57:59 SAST 2014

/usr/bin/uname -p = unknown
/bin/uname -X     = unknown

/bin/arch              = unknown
/usr/bin/arch -k       = unknown
/usr/convex/getsysinfo = unknown
/usr/bin/hostinfo      = unknown
/bin/machine           = unknown
/usr/bin/oslevel       = unknown
/bin/universe          = unknown

PATH: /usr/local/sbin
PATH: /usr/sbin
PATH: /sbin
PATH: /usr/local/bin
PATH: /usr/bin
PATH: /bin
PATH: /opt/apache2/bin
PATH: /opt/Xorg/bin
PATH: /opt/xfce/bin
PATH: /usr/lib64/jvm/gcj-jdk/bin
PATH: /opt/texlive/bin/custom
PATH: /opt/apache2/bin
PATH: /opt/apr/bin
PATH: /opt/dtsbuild/bin
PATH: /opt/forrest/bin
PATH: /opt/libjpeg-turbo/bin
PATH: /opt/MailScanner/bin
PATH: /opt/majordomo/bin
PATH: /opt/mesa-demos/bin
PATH: /opt/mysql/bin
PATH: /opt/qt-4/bin
PATH: /opt/qt-5/bin
PATH: /opt/radius/bin
PATH: /opt/schily/bin
PATH: /opt/texlive/bin
PATH: /opt/xfce/bin
PATH: /opt/Xorg/bin
PATH: /opt/fop


## ----------- ##
## Core tests. ##
## ----------- ##

configure:2554: checking build system type
configure:2568: result: x86_64-unknown-linux-gnu
configure:2588: checking host system type
configure:2601: result: x86_64-unknown-linux-gnu
configure:2621: checking target system type
configure:2634: result: x86_64-unknown-linux-gnu
configure:2716: checking for pkg-config
configure:2734: found /usr/bin/pkg-config
configure:2746: result: /usr/bin/pkg-config
configure:2771: checking pkg-config is at least version 0.9.0
configure:2774: result: yes
configure:2799: checking for a BSD-compatible install
configure:2867: result: /usr/bin/ginstall -c
configure:2878: checking whether build environment is sane
configure:2933: result: yes
configure:3084: checking for a thread-safe mkdir -p
configure:3123: result: /usr/bin/mkdir -p
configure:3130: checking for gawk
configure:3146: found /usr/bin/gawk
configure:3157: result: gawk
configure:3168: checking whether make sets $(MAKE)
configure:3190: result: yes
configure:3219: checking whether make supports nested variables
configure:3236: result: yes
configure:3372: checking whether make supports nested variables
configure:3389: result: yes
configure:3460: checking for xcrun
configure:3490: result: no
configure:3460: checking for g++
configure:3476: found /usr/bin/g++
configure:3487: result: g++
configure:3514: checking for C++ compiler version
configure:3523: g++ --version >&5
g++ (GCC) 4.9.1
Copyright (C) 2014 Free Software Foundation, Inc.
This is free software; see the source for copying conditions.  There is NO
warranty; not even for MERCHANTABILITY or FITNESS FOR A PARTICULAR PURPOSE.

configure:3534: $? = 0
configure:3523: g++ -v >&5
Using built-in specs.
COLLECT_GCC=g++
COLLECT_LTO_WRAPPER=/usr/libexec/gcc/x86_64-linux-gnu/4.9.1/lto-wrapper
Target: x86_64-linux-gnu
Configured with: ./../configure --prefix=/usr --sysconfdir=/etc/ --mandir=/usr/share/man --localstatedir=/var --infodir=/usr/share/info --libdir=/usr/lib64 --host=x86_64-linux-gnu --build=x86_64-linux-gnu --with-build-sysroot=/var/opt/dtsbuild/sysroot/x86_64 --with-ecj-jar=/usr/share/java/ecj-4.3.2.jar --enable-lto --enable-cloog-backend=isl --enable-java-home --with-system-zlib --with-gmp-lib=/var/opt/dtsbuild/sysroot/x86_64//usr/lib64/x86_64 --target=x86_64-linux-gnu --with-multilib-list=m32,m64,mx32 --with-sysroot=/ --enable-multilib --with-jvm-root-dir=/usr/lib64/jvm/gcj-jdk --enable-languages=c,c++,fortran,java,lto,objc,obj-c++,go,ada
Thread model: posix
gcc version 4.9.1 (GCC) 
configure:3534: $? = 0
configure:3523: g++ -V >&5
g++: error: unrecognized command line option '-V'
g++: fatal error: no input files
compilation terminated.
configure:3534: $? = 1
configure:3523: g++ -qversion >&5
g++: error: unrecognized command line option '-qversion'
g++: fatal error: no input files
compilation terminated.
configure:3534: $? = 1
configure:3554: checking whether the C++ compiler works
configure:3576: g++    conftest.cpp  >&5
configure:3580: $? = 0
configure:3628: result: yes
configure:3631: checking for C++ compiler default output file name
configure:3633: result: a.out
configure:3639: checking for suffix of executables
configure:3646: g++ -o conftest    conftest.cpp  >&5
configure:3650: $? = 0
configure:3672: result: 
configure:3694: checking whether we are cross compiling
configure:3702: g++ -o conftest    conftest.cpp  >&5
configure:3706: $? = 0
configure:3713: ./conftest
configure:3717: $? = 0
configure:3732: result: no
configure:3737: checking for suffix of object files
configure:3759: g++ -c   conftest.cpp >&5
configure:3763: $? = 0
configure:3784: result: o
configure:3788: checking whether we are using the GNU C++ compiler
configure:3807: g++ -c   conftest.cpp >&5
configure:3807: $? = 0
configure:3816: result: yes
configure:3825: checking whether g++ accepts -g
configure:3845: g++ -c -g  conftest.cpp >&5
configure:3845: $? = 0
configure:3886: result: yes
configure:3920: checking for style of include used by make
configure:3948: result: GNU
configure:3974: checking dependency style of g++
configure:4085: result: gcc3
configure:4154: checking for xcrun
configure:4184: result: no
configure:4154: checking for gcc
configure:4170: found /usr/bin/gcc
configure:4181: result: gcc
configure:4212: checking for C compiler version
configure:4221: gcc --version >&5
gcc (GCC) 4.9.1
Copyright (C) 2014 Free Software Foundation, Inc.
This is free software; see the source for copying conditions.  There is NO
warranty; not even for MERCHANTABILITY or FITNESS FOR A PARTICULAR PURPOSE.

configure:4232: $? = 0
configure:4221: gcc -v >&5
Using built-in specs.
COLLECT_GCC=gcc
COLLECT_LTO_WRAPPER=/usr/libexec/gcc/x86_64-linux-gnu/4.9.1/lto-wrapper
Target: x86_64-linux-gnu
Configured with: ./../configure --prefix=/usr --sysconfdir=/etc/ --mandir=/usr/share/man --localstatedir=/var --infodir=/usr/share/info --libdir=/usr/lib64 --host=x86_64-linux-gnu --build=x86_64-linux-gnu --with-build-sysroot=/var/opt/dtsbuild/sysroot/x86_64 --with-ecj-jar=/usr/share/java/ecj-4.3.2.jar --enable-lto --enable-cloog-backend=isl --enable-java-home --with-system-zlib --with-gmp-lib=/var/opt/dtsbuild/sysroot/x86_64//usr/lib64/x86_64 --target=x86_64-linux-gnu --with-multilib-list=m32,m64,mx32 --with-sysroot=/ --enable-multilib --with-jvm-root-dir=/usr/lib64/jvm/gcj-jdk --enable-languages=c,c++,fortran,java,lto,objc,obj-c++,go,ada
Thread model: posix
gcc version 4.9.1 (GCC) 
configure:4232: $? = 0
configure:4221: gcc -V >&5
gcc: error: unrecognized command line option '-V'
gcc: fatal error: no input files
compilation terminated.
configure:4232: $? = 1
configure:4221: gcc -qversion >&5
gcc: error: unrecognized command line option '-qversion'
gcc: fatal error: no input files
compilation terminated.
configure:4232: $? = 1
configure:4236: checking whether we are using the GNU C compiler
configure:4255: gcc -c   conftest.c >&5
configure:4255: $? = 0
configure:4264: result: yes
configure:4273: checking whether gcc accepts -g
configure:4293: gcc -c -g  conftest.c >&5
configure:4293: $? = 0
configure:4334: result: yes
configure:4351: checking for gcc option to accept ISO C89
configure:4414: gcc  -c -g -O2  conftest.c >&5
configure:4414: $? = 0
configure:4427: result: none needed
configure:4452: checking whether gcc understands -c and -o together
configure:4474: gcc -c conftest.c -o conftest2.o
configure:4477: $? = 0
configure:4474: gcc -c conftest.c -o conftest2.o
configure:4477: $? = 0
configure:4489: result: yes
configure:4508: checking dependency style of gcc
configure:4619: result: gcc3
configure:4688: checking for xcrun
configure:4718: result: no
configure:4688: checking for gcc
configure:4704: found /usr/bin/gcc
configure:4715: result: gcc
configure:4740: checking for Objective C compiler version
configure:4749: gcc --version >&5
gcc (GCC) 4.9.1
Copyright (C) 2014 Free Software Foundation, Inc.
This is free software; see the source for copying conditions.  There is NO
warranty; not even for MERCHANTABILITY or FITNESS FOR A PARTICULAR PURPOSE.

configure:4760: $? = 0
configure:4749: gcc -v >&5
Using built-in specs.
COLLECT_GCC=gcc
COLLECT_LTO_WRAPPER=/usr/libexec/gcc/x86_64-linux-gnu/4.9.1/lto-wrapper
Target: x86_64-linux-gnu
Configured with: ./../configure --prefix=/usr --sysconfdir=/etc/ --mandir=/usr/share/man --localstatedir=/var --infodir=/usr/share/info --libdir=/usr/lib64 --host=x86_64-linux-gnu --build=x86_64-linux-gnu --with-build-sysroot=/var/opt/dtsbuild/sysroot/x86_64 --with-ecj-jar=/usr/share/java/ecj-4.3.2.jar --enable-lto --enable-cloog-backend=isl --enable-java-home --with-system-zlib --with-gmp-lib=/var/opt/dtsbuild/sysroot/x86_64//usr/lib64/x86_64 --target=x86_64-linux-gnu --with-multilib-list=m32,m64,mx32 --with-sysroot=/ --enable-multilib --with-jvm-root-dir=/usr/lib64/jvm/gcj-jdk --enable-languages=c,c++,fortran,java,lto,objc,obj-c++,go,ada
Thread model: posix
gcc version 4.9.1 (GCC) 
configure:4760: $? = 0
configure:4749: gcc -V >&5
gcc: error: unrecognized command line option '-V'
gcc: fatal error: no input files
compilation terminated.
configure:4760: $? = 1
configure:4749: gcc -qversion >&5
gcc: error: unrecognized command line option '-qversion'
gcc: fatal error: no input files
compilation terminated.
configure:4760: $? = 1
configure:4764: checking whether we are using the GNU Objective C compiler
configure:4783: gcc -c   conftest.m >&5
configure:4783: $? = 0
configure:4792: result: yes
configure:4801: checking whether gcc accepts -g
configure:4821: gcc -c -g  conftest.m >&5
configure:4821: $? = 0
configure:4862: result: yes
configure:4887: checking dependency style of gcc
configure:4996: result: gcc3
configure:5060: checking how to print strings
configure:5087: result: printf
configure:5108: checking for a sed that does not truncate output
configure:5172: result: /usr/bin/sed
configure:5190: checking for grep that handles long lines and -e
configure:5248: result: /usr/bin/grep
configure:5253: checking for egrep
configure:5315: result: /usr/bin/grep -E
configure:5320: checking for fgrep
configure:5382: result: /usr/bin/grep -F
configure:5417: checking for ld used by gcc
configure:5484: result: /usr/x86_64-linux-gnu/bin/ld
configure:5491: checking if the linker (/usr/x86_64-linux-gnu/bin/ld) is GNU ld
configure:5506: result: yes
configure:5518: checking for BSD- or MS-compatible name lister (nm)
configure:5567: result: /usr/bin/nm -B
configure:5697: checking the name lister (/usr/bin/nm -B) interface
configure:5704: gcc -c -g -O2  conftest.c >&5
configure:5707: /usr/bin/nm -B "conftest.o"
configure:5710: output
0000000000000000 B some_variable
configure:5717: result: BSD nm
configure:5720: checking whether ln -s works
configure:5724: result: yes
configure:5732: checking the maximum length of command line arguments
configure:5862: result: 1572864
configure:5879: checking whether the shell understands some XSI constructs
configure:5889: result: yes
configure:5893: checking whether the shell understands "+="
configure:5899: result: yes
configure:5934: checking how to convert x86_64-unknown-linux-gnu file names to x86_64-unknown-linux-gnu format
configure:5974: result: func_convert_file_noop
configure:5981: checking how to convert x86_64-unknown-linux-gnu file names to toolchain format
configure:6001: result: func_convert_file_noop
configure:6008: checking for /usr/x86_64-linux-gnu/bin/ld option to reload object files
configure:6015: result: -r
configure:6089: checking for objdump
configure:6105: found /usr/bin/objdump
configure:6116: result: objdump
configure:6145: checking how to recognize dependent libraries
configure:6347: result: pass_all
configure:6432: checking for dlltool
configure:6462: result: no
configure:6489: checking how to associate runtime and link libraries
configure:6516: result: printf %s\n
configure:6577: checking for ar
configure:6593: found /usr/bin/ar
configure:6604: result: ar
configure:6641: checking for archiver @FILE support
configure:6658: gcc -c -g -O2  conftest.c >&5
configure:6658: $? = 0
configure:6661: ar cru libconftest.a @conftest.lst >&5
configure:6664: $? = 0
configure:6669: ar cru libconftest.a @conftest.lst >&5
ar: conftest.o: No such file or directory
configure:6672: $? = 1
configure:6684: result: @
configure:6742: checking for strip
configure:6758: found /usr/bin/strip
configure:6769: result: strip
configure:6841: checking for ranlib
configure:6857: found /usr/bin/ranlib
configure:6868: result: ranlib
configure:6970: checking command to parse /usr/bin/nm -B output from gcc object
configure:7090: gcc -c -g -O2  conftest.c >&5
configure:7093: $? = 0
configure:7097: /usr/bin/nm -B conftest.o \| sed -n -e 's/^.*[ ]\([ABCDGIRSTW][ABCDGIRSTW]*\)[ ][ ]*\([_A-Za-z][_A-Za-z0-9]*\)$/\1 \2 \2/p' | sed '/ __gnu_lto/d' \> conftest.nm
configure:7100: $? = 0
configure:7166: gcc -o conftest -g -O2   conftest.c conftstm.o >&5
configure:7169: $? = 0
configure:7207: result: ok
configure:7244: checking for sysroot
configure:7274: result: no
configure:7351: gcc -c -g -O2  conftest.c >&5
configure:7354: $? = 0
configure:7530: checking for mt
configure:7560: result: no
configure:7580: checking if : is a manifest tool
configure:7586: : '-?'
configure:7594: result: no
configure:8236: checking how to run the C preprocessor
configure:8267: gcc -E  conftest.c
configure:8267: $? = 0
configure:8281: gcc -E  conftest.c
conftest.c:11:28: fatal error: ac_nonexistent.h: No such file or directory
 #include <ac_nonexistent.h>
                            ^
compilation terminated.
configure:8281: $? = 1
configure: failed program was:
| /* confdefs.h */
| #define PACKAGE_NAME "belle-sip"
| #define PACKAGE_TARNAME "belle-sip"
| #define PACKAGE_VERSION "1.3.3"
| #define PACKAGE_STRING "belle-sip 1.3.3"
| #define PACKAGE_BUGREPORT "jehan.monnier@linphone.org"
| #define PACKAGE_URL ""
| #define PACKAGE "belle-sip"
| #define VERSION "1.3.3"
| /* end confdefs.h.  */
| #include <ac_nonexistent.h>
configure:8306: result: gcc -E
configure:8326: gcc -E  conftest.c
configure:8326: $? = 0
configure:8340: gcc -E  conftest.c
conftest.c:11:28: fatal error: ac_nonexistent.h: No such file or directory
 #include <ac_nonexistent.h>
                            ^
compilation terminated.
configure:8340: $? = 1
configure: failed program was:
| /* confdefs.h */
| #define PACKAGE_NAME "belle-sip"
| #define PACKAGE_TARNAME "belle-sip"
| #define PACKAGE_VERSION "1.3.3"
| #define PACKAGE_STRING "belle-sip 1.3.3"
| #define PACKAGE_BUGREPORT "jehan.monnier@linphone.org"
| #define PACKAGE_URL ""
| #define PACKAGE "belle-sip"
| #define VERSION "1.3.3"
| /* end confdefs.h.  */
| #include <ac_nonexistent.h>
configure:8369: checking for ANSI C header files
configure:8389: gcc -c -g -O2  conftest.c >&5
configure:8389: $? = 0
configure:8462: gcc -o conftest -g -O2   conftest.c  >&5
configure:8462: $? = 0
configure:8462: ./conftest
configure:8462: $? = 0
configure:8473: result: yes
configure:8486: checking for sys/types.h
configure:8486: gcc -c -g -O2  conftest.c >&5
configure:8486: $? = 0
configure:8486: result: yes
configure:8486: checking for sys/stat.h
configure:8486: gcc -c -g -O2  conftest.c >&5
configure:8486: $? = 0
configure:8486: result: yes
configure:8486: checking for stdlib.h
configure:8486: gcc -c -g -O2  conftest.c >&5
configure:8486: $? = 0
configure:8486: result: yes
configure:8486: checking for string.h
configure:8486: gcc -c -g -O2  conftest.c >&5
configure:8486: $? = 0
configure:8486: result: yes
configure:8486: checking for memory.h
configure:8486: gcc -c -g -O2  conftest.c >&5
configure:8486: $? = 0
configure:8486: result: yes
configure:8486: checking for strings.h
configure:8486: gcc -c -g -O2  conftest.c >&5
configure:8486: $? = 0
configure:8486: result: yes
configure:8486: checking for inttypes.h
configure:8486: gcc -c -g -O2  conftest.c >&5
configure:8486: $? = 0
configure:8486: result: yes
configure:8486: checking for stdint.h
configure:8486: gcc -c -g -O2  conftest.c >&5
configure:8486: $? = 0
configure:8486: result: yes
configure:8486: checking for unistd.h
configure:8486: gcc -c -g -O2  conftest.c >&5
configure:8486: $? = 0
configure:8486: result: yes
configure:8500: checking for dlfcn.h
configure:8500: gcc -c -g -O2  conftest.c >&5
configure:8500: $? = 0
configure:8500: result: yes
configure:9015: checking for objdir
configure:9030: result: .libs
configure:9301: checking if gcc supports -fno-rtti -fno-exceptions
configure:9319: gcc -c -g -O2  -fno-rtti -fno-exceptions conftest.c >&5
cc1: warning: command line option '-fno-rtti' is valid for C++/ObjC++ but not for C
configure:9323: $? = 0
configure:9336: result: no
configure:9663: checking for gcc option to produce PIC
configure:9670: result: -fPIC -DPIC
configure:9678: checking if gcc PIC flag -fPIC -DPIC works
configure:9696: gcc -c -g -O2  -fPIC -DPIC -DPIC conftest.c >&5
configure:9700: $? = 0
configure:9713: result: yes
configure:9742: checking if gcc static flag -static works
configure:9770: result: yes
configure:9785: checking if gcc supports -c -o file.o
configure:9806: gcc -c -g -O2  -o out/conftest2.o conftest.c >&5
configure:9810: $? = 0
configure:9832: result: yes
configure:9840: checking if gcc supports -c -o file.o
configure:9887: result: yes
configure:9920: checking whether the gcc linker (/usr/x86_64-linux-gnu/bin/ld -m elf_x86_64) supports shared libraries
configure:11073: result: yes
configure:11110: checking whether -lc should be explicitly linked in
configure:11118: gcc -c -g -O2  conftest.c >&5
configure:11121: $? = 0
configure:11136: gcc -shared  -fPIC -DPIC conftest.o  -v -Wl,-soname -Wl,conftest -o conftest 2\>\&1 \| /usr/bin/grep  -lc  \>/dev/null 2\>\&1
configure:11139: $? = 0
configure:11153: result: no
configure:11313: checking dynamic linker characteristics
configure:11824: gcc -o conftest -g -O2   -Wl,-rpath -Wl,/foo conftest.c  >&5
configure:11824: $? = 0
configure:12046: result: GNU/Linux ld.so
configure:12153: checking how to hardcode library paths into programs
configure:12178: result: immediate
configure:12718: checking whether stripping libraries is possible
configure:12723: result: yes
configure:12758: checking if libtool supports shared libraries
configure:12760: result: yes
configure:12763: checking whether to build shared libraries
configure:12784: result: yes
configure:12787: checking whether to build static libraries
configure:12791: result: yes
configure:12814: checking how to run the C++ preprocessor
configure:12841: g++ -E  conftest.cpp
configure:12841: $? = 0
configure:12855: g++ -E  conftest.cpp
conftest.cpp:23:28: fatal error: ac_nonexistent.h: No such file or directory
 #include <ac_nonexistent.h>
                            ^
compilation terminated.
configure:12855: $? = 1
configure: failed program was:
| /* confdefs.h */
| #define PACKAGE_NAME "belle-sip"
| #define PACKAGE_TARNAME "belle-sip"
| #define PACKAGE_VERSION "1.3.3"
| #define PACKAGE_STRING "belle-sip 1.3.3"
| #define PACKAGE_BUGREPORT "jehan.monnier@linphone.org"
| #define PACKAGE_URL ""
| #define PACKAGE "belle-sip"
| #define VERSION "1.3.3"
| #define STDC_HEADERS 1
| #define HAVE_SYS_TYPES_H 1
| #define HAVE_SYS_STAT_H 1
| #define HAVE_STDLIB_H 1
| #define HAVE_STRING_H 1
| #define HAVE_MEMORY_H 1
| #define HAVE_STRINGS_H 1
| #define HAVE_INTTYPES_H 1
| #define HAVE_STDINT_H 1
| #define HAVE_UNISTD_H 1
| #define HAVE_DLFCN_H 1
| #define LT_OBJDIR ".libs/"
| /* end confdefs.h.  */
| #include <ac_nonexistent.h>
configure:12880: result: g++ -E
configure:12900: g++ -E  conftest.cpp
configure:12900: $? = 0
configure:12914: g++ -E  conftest.cpp
conftest.cpp:23:28: fatal error: ac_nonexistent.h: No such file or directory
 #include <ac_nonexistent.h>
                            ^
compilation terminated.
configure:12914: $? = 1
configure: failed program was:
| /* confdefs.h */
| #define PACKAGE_NAME "belle-sip"
| #define PACKAGE_TARNAME "belle-sip"
| #define PACKAGE_VERSION "1.3.3"
| #define PACKAGE_STRING "belle-sip 1.3.3"
| #define PACKAGE_BUGREPORT "jehan.monnier@linphone.org"
| #define PACKAGE_URL ""
| #define PACKAGE "belle-sip"
| #define VERSION "1.3.3"
| #define STDC_HEADERS 1
| #define HAVE_SYS_TYPES_H 1
| #define HAVE_SYS_STAT_H 1
| #define HAVE_STDLIB_H 1
| #define HAVE_STRING_H 1
| #define HAVE_MEMORY_H 1
| #define HAVE_STRINGS_H 1
| #define HAVE_INTTYPES_H 1
| #define HAVE_STDINT_H 1
| #define HAVE_UNISTD_H 1
| #define HAVE_DLFCN_H 1
| #define LT_OBJDIR ".libs/"
| /* end confdefs.h.  */
| #include <ac_nonexistent.h>
configure:13083: checking for ld used by g++
configure:13150: result: /usr/x86_64-linux-gnu/bin/ld -m elf_x86_64
configure:13157: checking if the linker (/usr/x86_64-linux-gnu/bin/ld -m elf_x86_64) is GNU ld
configure:13172: result: yes
configure:13227: checking whether the g++ linker (/usr/x86_64-linux-gnu/bin/ld -m elf_x86_64) supports shared libraries
configure:14232: result: yes
configure:14268: g++ -c -g -O2  conftest.cpp >&5
configure:14271: $? = 0
configure:14791: checking for g++ option to produce PIC
configure:14798: result: -fPIC -DPIC
configure:14806: checking if g++ PIC flag -fPIC -DPIC works
configure:14824: g++ -c -g -O2  -fPIC -DPIC -DPIC conftest.cpp >&5
configure:14828: $? = 0
configure:14841: result: yes
configure:14864: checking if g++ static flag -static works
configure:14892: result: yes
configure:14904: checking if g++ supports -c -o file.o
configure:14925: g++ -c -g -O2  -o out/conftest2.o conftest.cpp >&5
configure:14929: $? = 0
configure:14951: result: yes
configure:14956: checking if g++ supports -c -o file.o
configure:15003: result: yes
configure:15033: checking whether the g++ linker (/usr/x86_64-linux-gnu/bin/ld -m elf_x86_64) supports shared libraries
configure:15069: result: yes
configure:15210: checking dynamic linker characteristics
configure:15877: result: GNU/Linux ld.so
configure:15930: checking how to hardcode library paths into programs
configure:15955: result: immediate
configure:16150: checking antlr3.h usability
configure:16150: gcc -c -g -O2 -fms-extensions -g   conftest.c >&5
configure:16150: $? = 0
configure:16150: result: yes
configure:16150: checking antlr3.h presence
configure:16150: gcc -E   conftest.c
configure:16150: $? = 0
configure:16150: result: yes
configure:16150: checking for antlr3.h
configure:16150: result: yes
configure:16160: checking whether antlr3StringStreamNew is declared
configure:16160: gcc -c -g -O2 -fms-extensions -g   conftest.c >&5
configure:16160: $? = 0
configure:16160: result: yes
configure:16188: gcc -o conftest -g -O2 -fms-extensions -g    conftest.c  -lresolv >&5
/tmp/cclFnnNt.o: In function `main':
/root/belle-sip/conftest.c:29: undefined reference to `res_getservers'
collect2: error: ld returned 1 exit status
configure:16188: $? = 1
configure: failed program was:
| /* confdefs.h */
| #define PACKAGE_NAME "belle-sip"
| #define PACKAGE_TARNAME "belle-sip"
| #define PACKAGE_VERSION "1.3.3"
| #define PACKAGE_STRING "belle-sip 1.3.3"
| #define PACKAGE_BUGREPORT "jehan.monnier@linphone.org"
| #define PACKAGE_URL ""
| #define PACKAGE "belle-sip"
| #define VERSION "1.3.3"
| #define STDC_HEADERS 1
| #define HAVE_SYS_TYPES_H 1
| #define HAVE_SYS_STAT_H 1
| #define HAVE_STDLIB_H 1
| #define HAVE_STRING_H 1
| #define HAVE_MEMORY_H 1
| #define HAVE_STRINGS_H 1
| #define HAVE_INTTYPES_H 1
| #define HAVE_STDINT_H 1
| #define HAVE_UNISTD_H 1
| #define HAVE_DLFCN_H 1
| #define LT_OBJDIR ".libs/"
| #define HAVE_ANTLR3_H 1
| #define HAVE_ANTLR_STRING_STREAM_NEW 1
| /* end confdefs.h.  */
| #include <resolv.h>
| int
| main ()
| {
| res_getservers(NULL,NULL,0)
|   ;
|   return 0;
| }
| 
configure:16195: WARNING: res_getservers not usable
configure:16201: checking whether res_ndestroy is declared
configure:16201: gcc -c -g -O2 -fms-extensions -g   conftest.c >&5
conftest.c: In function 'main':
conftest.c:34:10: error: 'res_ndestroy' undeclared (first use in this function)
   (void) res_ndestroy;
          ^
conftest.c:34:10: note: each undeclared identifier is reported only once for each function it appears in
configure:16201: $? = 1
configure: failed program was:
| /* confdefs.h */
| #define PACKAGE_NAME "belle-sip"
| #define PACKAGE_TARNAME "belle-sip"
| #define PACKAGE_VERSION "1.3.3"
| #define PACKAGE_STRING "belle-sip 1.3.3"
| #define PACKAGE_BUGREPORT "jehan.monnier@linphone.org"
| #define PACKAGE_URL ""
| #define PACKAGE "belle-sip"
| #define VERSION "1.3.3"
| #define STDC_HEADERS 1
| #define HAVE_SYS_TYPES_H 1
| #define HAVE_SYS_STAT_H 1
| #define HAVE_STDLIB_H 1
| #define HAVE_STRING_H 1
| #define HAVE_MEMORY_H 1
| #define HAVE_STRINGS_H 1
| #define HAVE_INTTYPES_H 1
| #define HAVE_STDINT_H 1
| #define HAVE_UNISTD_H 1
| #define HAVE_DLFCN_H 1
| #define LT_OBJDIR ".libs/"
| #define HAVE_ANTLR3_H 1
| #define HAVE_ANTLR_STRING_STREAM_NEW 1
| /* end confdefs.h.  */
| #include <resolv.h>
| 
| int
| main ()
| {
| #ifndef res_ndestroy
| #ifdef __cplusplus
|   (void) res_ndestroy;
| #else
|   (void) res_ndestroy;
| #endif
| #endif
| 
|   ;
|   return 0;
| }
configure:16201: result: no
configure:16223: checking for antlr3
configure:16254: result: no
configure:16286: checking for java
configure:16304: found /usr/lib64/jvm/gcj-jdk/bin/java
configure:16317: result: /usr/lib64/jvm/gcj-jdk/bin/java
configure:16371: checking polarssl/ssl.h usability
configure:16371: gcc -c -g -O2 -fms-extensions -g   conftest.c >&5
conftest.c:58:26: fatal error: polarssl/ssl.h: No such file or directory
 #include <polarssl/ssl.h>
                          ^
compilation terminated.
configure:16371: $? = 1
configure: failed program was:
| /* confdefs.h */
| #define PACKAGE_NAME "belle-sip"
| #define PACKAGE_TARNAME "belle-sip"
| #define PACKAGE_VERSION "1.3.3"
| #define PACKAGE_STRING "belle-sip 1.3.3"
| #define PACKAGE_BUGREPORT "jehan.monnier@linphone.org"
| #define PACKAGE_URL ""
| #define PACKAGE "belle-sip"
| #define VERSION "1.3.3"
| #define STDC_HEADERS 1
| #define HAVE_SYS_TYPES_H 1
| #define HAVE_SYS_STAT_H 1
| #define HAVE_STDLIB_H 1
| #define HAVE_STRING_H 1
| #define HAVE_MEMORY_H 1
| #define HAVE_STRINGS_H 1
| #define HAVE_INTTYPES_H 1
| #define HAVE_STDINT_H 1
| #define HAVE_UNISTD_H 1
| #define HAVE_DLFCN_H 1
| #define LT_OBJDIR ".libs/"
| #define HAVE_ANTLR3_H 1
| #define HAVE_ANTLR_STRING_STREAM_NEW 1
| /* end confdefs.h.  */
| #include <stdio.h>
| #ifdef HAVE_SYS_TYPES_H
| # include <sys/types.h>
| #endif
| #ifdef HAVE_SYS_STAT_H
| # include <sys/stat.h>
| #endif
| #ifdef STDC_HEADERS
| # include <stdlib.h>
| # include <stddef.h>
| #else
| # ifdef HAVE_STDLIB_H
| #  include <stdlib.h>
| # endif
| #endif
| #ifdef HAVE_STRING_H
| # if !defined STDC_HEADERS && defined HAVE_MEMORY_H
| #  include <memory.h>
| # endif
| # include <string.h>
| #endif
| #ifdef HAVE_STRINGS_H
| # include <strings.h>
| #endif
| #ifdef HAVE_INTTYPES_H
| # include <inttypes.h>
| #endif
| #ifdef HAVE_STDINT_H
| # include <stdint.h>
| #endif
| #ifdef HAVE_UNISTD_H
| # include <unistd.h>
| #endif
| #include <polarssl/ssl.h>
configure:16371: result: no
configure:16371: checking polarssl/ssl.h presence
configure:16371: gcc -E   conftest.c
conftest.c:25:26: fatal error: polarssl/ssl.h: No such file or directory
 #include <polarssl/ssl.h>
                          ^
compilation terminated.
configure:16371: $? = 1
configure: failed program was:
| /* confdefs.h */
| #define PACKAGE_NAME "belle-sip"
| #define PACKAGE_TARNAME "belle-sip"
| #define PACKAGE_VERSION "1.3.3"
| #define PACKAGE_STRING "belle-sip 1.3.3"
| #define PACKAGE_BUGREPORT "jehan.monnier@linphone.org"
| #define PACKAGE_URL ""
| #define PACKAGE "belle-sip"
| #define VERSION "1.3.3"
| #define STDC_HEADERS 1
| #define HAVE_SYS_TYPES_H 1
| #define HAVE_SYS_STAT_H 1
| #define HAVE_STDLIB_H 1
| #define HAVE_STRING_H 1
| #define HAVE_MEMORY_H 1
| #define HAVE_STRINGS_H 1
| #define HAVE_INTTYPES_H 1
| #define HAVE_STDINT_H 1
| #define HAVE_UNISTD_H 1
| #define HAVE_DLFCN_H 1
| #define LT_OBJDIR ".libs/"
| #define HAVE_ANTLR3_H 1
| #define HAVE_ANTLR_STRING_STREAM_NEW 1
| /* end confdefs.h.  */
| #include <polarssl/ssl.h>
configure:16371: result: no
configure:16371: checking for polarssl/ssl.h
configure:16371: result: no
configure:16551: checking for CUNIT
configure:16558: $PKG_CONFIG --exists --print-errors "cunit"
Package cunit was not found in the pkg-config search path.
Perhaps you should add the directory containing `cunit.pc'
to the PKG_CONFIG_PATH environment variable
No package 'cunit' found
configure:16561: $? = 1
configure:16575: $PKG_CONFIG --exists --print-errors "cunit"
Package cunit was not found in the pkg-config search path.
Perhaps you should add the directory containing `cunit.pc'
to the PKG_CONFIG_PATH environment variable
No package 'cunit' found
configure:16578: $? = 1
configure:16592: result: no
No package 'cunit' found
configure:16624: checking CUnit/CUnit.h usability
configure:16624: gcc -c -g -O2 -fms-extensions -g  conftest.c >&5
conftest.c:59:25: fatal error: CUnit/CUnit.h: No such file or directory
 #include <CUnit/CUnit.h>
                         ^
compilation terminated.
configure:16624: $? = 1
configure: failed program was:
| /* confdefs.h */
| #define PACKAGE_NAME "belle-sip"
| #define PACKAGE_TARNAME "belle-sip"
| #define PACKAGE_VERSION "1.3.3"
| #define PACKAGE_STRING "belle-sip 1.3.3"
| #define PACKAGE_BUGREPORT "jehan.monnier@linphone.org"
| #define PACKAGE_URL ""
| #define PACKAGE "belle-sip"
| #define VERSION "1.3.3"
| #define STDC_HEADERS 1
| #define HAVE_SYS_TYPES_H 1
| #define HAVE_SYS_STAT_H 1
| #define HAVE_STDLIB_H 1
| #define HAVE_STRING_H 1
| #define HAVE_MEMORY_H 1
| #define HAVE_STRINGS_H 1
| #define HAVE_INTTYPES_H 1
| #define HAVE_STDINT_H 1
| #define HAVE_UNISTD_H 1
| #define HAVE_DLFCN_H 1
| #define LT_OBJDIR ".libs/"
| #define HAVE_ANTLR3_H 1
| #define HAVE_ANTLR_STRING_STREAM_NEW 1
| #define ENABLE_SERVER_SOCKETS 1
| /* end confdefs.h.  */
| #include <stdio.h>
| #ifdef HAVE_SYS_TYPES_H
| # include <sys/types.h>
| #endif
| #ifdef HAVE_SYS_STAT_H
| # include <sys/stat.h>
| #endif
| #ifdef STDC_HEADERS
| # include <stdlib.h>
| # include <stddef.h>
| #else
| # ifdef HAVE_STDLIB_H
| #  include <stdlib.h>
| # endif
| #endif
| #ifdef HAVE_STRING_H
| # if !defined STDC_HEADERS && defined HAVE_MEMORY_H
| #  include <memory.h>
| # endif
| # include <string.h>
| #endif
| #ifdef HAVE_STRINGS_H
| # include <strings.h>
| #endif
| #ifdef HAVE_INTTYPES_H
| # include <inttypes.h>
| #endif
| #ifdef HAVE_STDINT_H
| # include <stdint.h>
| #endif
| #ifdef HAVE_UNISTD_H
| # include <unistd.h>
| #endif
| #include <CUnit/CUnit.h>
configure:16624: result: no
configure:16624: checking CUnit/CUnit.h presence
configure:16624: gcc -E  conftest.c
conftest.c:26:25: fatal error: CUnit/CUnit.h: No such file or directory
 #include <CUnit/CUnit.h>
                         ^
compilation terminated.
configure:16624: $? = 1
configure: failed program was:
| /* confdefs.h */
| #define PACKAGE_NAME "belle-sip"
| #define PACKAGE_TARNAME "belle-sip"
| #define PACKAGE_VERSION "1.3.3"
| #define PACKAGE_STRING "belle-sip 1.3.3"
| #define PACKAGE_BUGREPORT "jehan.monnier@linphone.org"
| #define PACKAGE_URL ""
| #define PACKAGE "belle-sip"
| #define VERSION "1.3.3"
| #define STDC_HEADERS 1
| #define HAVE_SYS_TYPES_H 1
| #define HAVE_SYS_STAT_H 1
| #define HAVE_STDLIB_H 1
| #define HAVE_STRING_H 1
| #define HAVE_MEMORY_H 1
| #define HAVE_STRINGS_H 1
| #define HAVE_INTTYPES_H 1
| #define HAVE_STDINT_H 1
| #define HAVE_UNISTD_H 1
| #define HAVE_DLFCN_H 1
| #define LT_OBJDIR ".libs/"
| #define HAVE_ANTLR3_H 1
| #define HAVE_ANTLR_STRING_STREAM_NEW 1
| #define ENABLE_SERVER_SOCKETS 1
| /* end confdefs.h.  */
| #include <CUnit/CUnit.h>
configure:16624: result: no
configure:16624: checking for CUnit/CUnit.h
configure:16624: result: no
configure:16700: checking for CU_get_suite in -lcunit
configure:16725: gcc -o conftest -g -O2 -fms-extensions -g   conftest.c -lcunit   >&5
/usr/lib64/gcc/x86_64-linux-gnu/4.9.1/../../../../x86_64-linux-gnu/bin/ld: cannot find -lcunit
collect2: error: ld returned 1 exit status
configure:16725: $? = 1
configure: failed program was:
| /* confdefs.h */
| #define PACKAGE_NAME "belle-sip"
| #define PACKAGE_TARNAME "belle-sip"
| #define PACKAGE_VERSION "1.3.3"
| #define PACKAGE_STRING "belle-sip 1.3.3"
| #define PACKAGE_BUGREPORT "jehan.monnier@linphone.org"
| #define PACKAGE_URL ""
| #define PACKAGE "belle-sip"
| #define VERSION "1.3.3"
| #define STDC_HEADERS 1
| #define HAVE_SYS_TYPES_H 1
| #define HAVE_SYS_STAT_H 1
| #define HAVE_STDLIB_H 1
| #define HAVE_STRING_H 1
| #define HAVE_MEMORY_H 1
| #define HAVE_STRINGS_H 1
| #define HAVE_INTTYPES_H 1
| #define HAVE_STDINT_H 1
| #define HAVE_UNISTD_H 1
| #define HAVE_DLFCN_H 1
| #define LT_OBJDIR ".libs/"
| #define HAVE_ANTLR3_H 1
| #define HAVE_ANTLR_STRING_STREAM_NEW 1
| #define ENABLE_SERVER_SOCKETS 1
| /* end confdefs.h.  */
| 
| /* Override any GCC internal prototype to avoid an error.
|    Use char because int might match the return type of a GCC
|    builtin and then its argument prototype would still apply.  */
| #ifdef __cplusplus
| extern "C"
| #endif
| char CU_get_suite ();
| int
| main ()
| {
| return CU_get_suite ();
|   ;
|   return 0;
| }
configure:16734: result: no
configure:16746: checking for CU_curses_run_tests in -lcunit
configure:16771: gcc -o conftest -g -O2 -fms-extensions -g   conftest.c -lcunit   >&5
/usr/lib64/gcc/x86_64-linux-gnu/4.9.1/../../../../x86_64-linux-gnu/bin/ld: cannot find -lcunit
collect2: error: ld returned 1 exit status
configure:16771: $? = 1
configure: failed program was:
| /* confdefs.h */
| #define PACKAGE_NAME "belle-sip"
| #define PACKAGE_TARNAME "belle-sip"
| #define PACKAGE_VERSION "1.3.3"
| #define PACKAGE_STRING "belle-sip 1.3.3"
| #define PACKAGE_BUGREPORT "jehan.monnier@linphone.org"
| #define PACKAGE_URL ""
| #define PACKAGE "belle-sip"
| #define VERSION "1.3.3"
| #define STDC_HEADERS 1
| #define HAVE_SYS_TYPES_H 1
| #define HAVE_SYS_STAT_H 1
| #define HAVE_STDLIB_H 1
| #define HAVE_STRING_H 1
| #define HAVE_MEMORY_H 1
| #define HAVE_STRINGS_H 1
| #define HAVE_INTTYPES_H 1
| #define HAVE_STDINT_H 1
| #define HAVE_UNISTD_H 1
| #define HAVE_DLFCN_H 1
| #define LT_OBJDIR ".libs/"
| #define HAVE_ANTLR3_H 1
| #define HAVE_ANTLR_STRING_STREAM_NEW 1
| #define ENABLE_SERVER_SOCKETS 1
| /* end confdefs.h.  */
| 
| /* Override any GCC internal prototype to avoid an error.
|    Use char because int might match the return type of a GCC
|    builtin and then its argument prototype would still apply.  */
| #ifdef __cplusplus
| extern "C"
| #endif
| char CU_curses_run_tests ();
| int
| main ()
| {
| return CU_curses_run_tests ();
|   ;
|   return 0;
| }
configure:16780: result: no
configure:16835: checking for clock_gettime in -lrt
configure:16860: gcc -o conftest -g -O2 -fms-extensions -g   conftest.c -lrt   >&5
configure:16860: $? = 0
configure:16869: result: yes
configure:16880: checking for dlopen in -ldl
configure:16905: gcc -o conftest -g -O2 -fms-extensions -g   conftest.c -ldl  -lrt  >&5
configure:16905: $? = 0
configure:16914: result: yes
configure:16925: checking for pthread_getspecific in -lpthread
configure:16950: gcc -o conftest -g -O2 -fms-extensions -g   conftest.c -lpthread  -ldl -lrt  >&5
configure:16950: $? = 0
configure:16959: result: yes
configure:17084: checking that generated files are newer than configure
configure:17090: result: done
configure:17137: creating ./config.status

## ---------------------- ##
## Running config.status. ##
## ---------------------- ##

This file was extended by belle-sip config.status 1.3.3, which was
generated by GNU Autoconf 2.69.  Invocation command line was

  CONFIG_FILES    = 
  CONFIG_HEADERS  = 
  CONFIG_LINKS    = 
  CONFIG_COMMANDS = 
  $ ./config.status 

on netsentry-D4-3D-7E-4E-52-DC

config.status:1199: creating Makefile
config.status:1199: creating include/Makefile
config.status:1199: creating include/belle-sip/Makefile
config.status:1199: creating src/Makefile
config.status:1199: creating src/grammars/Makefile
config.status:1199: creating tester/Makefile
config.status:1199: creating belle-sip.pc
config.status:1199: creating belle-sip.spec
config.status:1199: creating config.h
config.status:1428: executing depfiles commands
config.status:1428: executing libtool commands

## ---------------- ##
## Cache variables. ##
## ---------------- ##

ac_cv_build=x86_64-unknown-linux-gnu
ac_cv_c_compiler_gnu=yes
ac_cv_cxx_compiler_gnu=yes
ac_cv_env_CCC_set=
ac_cv_env_CCC_value=
ac_cv_env_CC_set=
ac_cv_env_CC_value=
ac_cv_env_CFLAGS_set=
ac_cv_env_CFLAGS_value=
ac_cv_env_CPPFLAGS_set=
ac_cv_env_CPPFLAGS_value=
ac_cv_env_CPP_set=
ac_cv_env_CPP_value=
ac_cv_env_CUNIT_CFLAGS_set=
ac_cv_env_CUNIT_CFLAGS_value=
ac_cv_env_CUNIT_LIBS_set=
ac_cv_env_CUNIT_LIBS_value=
ac_cv_env_CXXCPP_set=
ac_cv_env_CXXCPP_value=
ac_cv_env_CXXFLAGS_set=
ac_cv_env_CXXFLAGS_value=
ac_cv_env_CXX_set=
ac_cv_env_CXX_value=
ac_cv_env_LDFLAGS_set=
ac_cv_env_LDFLAGS_value=
ac_cv_env_LIBS_set=
ac_cv_env_LIBS_value=
ac_cv_env_OBJCFLAGS_set=
ac_cv_env_OBJCFLAGS_value=
ac_cv_env_OBJC_set=
ac_cv_env_OBJC_value=
ac_cv_env_PKG_CONFIG_LIBDIR_set=
ac_cv_env_PKG_CONFIG_LIBDIR_value=
ac_cv_env_PKG_CONFIG_PATH_set=
ac_cv_env_PKG_CONFIG_PATH_value=
ac_cv_env_PKG_CONFIG_set=
ac_cv_env_PKG_CONFIG_value=
ac_cv_env_TUNNEL_CFLAGS_set=
ac_cv_env_TUNNEL_CFLAGS_value=
ac_cv_env_TUNNEL_LIBS_set=
ac_cv_env_TUNNEL_LIBS_value=
ac_cv_env_build_alias_set=
ac_cv_env_build_alias_value=
ac_cv_env_host_alias_set=
ac_cv_env_host_alias_value=
ac_cv_env_target_alias_set=
ac_cv_env_target_alias_value=
ac_cv_have_decl_antlr3StringStreamNew=yes
ac_cv_have_decl_res_ndestroy=no
ac_cv_header_CUnit_CUnit_h=no
ac_cv_header_antlr3_h=yes
ac_cv_header_dlfcn_h=yes
ac_cv_header_inttypes_h=yes
ac_cv_header_memory_h=yes
ac_cv_header_polarssl_ssl_h=no
ac_cv_header_stdc=yes
ac_cv_header_stdint_h=yes
ac_cv_header_stdlib_h=yes
ac_cv_header_string_h=yes
ac_cv_header_strings_h=yes
ac_cv_header_sys_stat_h=yes
ac_cv_header_sys_types_h=yes
ac_cv_header_unistd_h=yes
ac_cv_host=x86_64-unknown-linux-gnu
ac_cv_lib_cunit_CU_curses_run_tests=no
ac_cv_lib_cunit_CU_get_suite=no
ac_cv_lib_dl_dlopen=yes
ac_cv_lib_pthread_pthread_getspecific=yes
ac_cv_lib_rt_clock_gettime=yes
ac_cv_objc_compiler_gnu=yes
ac_cv_objext=o
ac_cv_path_ANTLR=no
ac_cv_path_EGREP='/usr/bin/grep -E'
ac_cv_path_FGREP='/usr/bin/grep -F'
ac_cv_path_GREP=/usr/bin/grep
ac_cv_path_JAVA=/usr/lib64/jvm/gcj-jdk/bin/java
ac_cv_path_SED=/usr/bin/sed
ac_cv_path_ac_pt_PKG_CONFIG=/usr/bin/pkg-config
ac_cv_path_install='/usr/bin/ginstall -c'
ac_cv_path_mkdir=/usr/bin/mkdir
ac_cv_prog_AWK=gawk
ac_cv_prog_CPP='gcc -E'
ac_cv_prog_CXXCPP='g++ -E'
ac_cv_prog_ac_ct_AR=ar
ac_cv_prog_ac_ct_CC=gcc
ac_cv_prog_ac_ct_CXX=g++
ac_cv_prog_ac_ct_OBJC=gcc
ac_cv_prog_ac_ct_OBJDUMP=objdump
ac_cv_prog_ac_ct_RANLIB=ranlib
ac_cv_prog_ac_ct_STRIP=strip
ac_cv_prog_cc_c89=
ac_cv_prog_cc_g=yes
ac_cv_prog_cxx_g=yes
ac_cv_prog_make_make_set=yes
ac_cv_prog_objc_g=yes
ac_cv_target=x86_64-unknown-linux-gnu
am_cv_CC_dependencies_compiler_type=gcc3
am_cv_CXX_dependencies_compiler_type=gcc3
am_cv_OBJC_dependencies_compiler_type=gcc3
am_cv_make_support_nested_variables=yes
am_cv_prog_cc_c_o=yes
lt_cv_ar_at_file=@
lt_cv_archive_cmds_need_lc=no
lt_cv_deplibs_check_method=pass_all
lt_cv_file_magic_cmd='$MAGIC_CMD'
lt_cv_file_magic_test_file=
lt_cv_ld_reload_flag=-r
lt_cv_nm_interface='BSD nm'
lt_cv_objdir=.libs
lt_cv_path_LD=/usr/x86_64-linux-gnu/bin/ld
lt_cv_path_LDCXX='/usr/x86_64-linux-gnu/bin/ld -m elf_x86_64'
lt_cv_path_NM='/usr/bin/nm -B'
lt_cv_path_mainfest_tool=no
lt_cv_prog_compiler_c_o=yes
lt_cv_prog_compiler_c_o_CXX=yes
lt_cv_prog_compiler_pic='-fPIC -DPIC'
lt_cv_prog_compiler_pic_CXX='-fPIC -DPIC'
lt_cv_prog_compiler_pic_works=yes
lt_cv_prog_compiler_pic_works_CXX=yes
lt_cv_prog_compiler_rtti_exceptions=no
lt_cv_prog_compiler_static_works=yes
lt_cv_prog_compiler_static_works_CXX=yes
lt_cv_prog_gnu_ld=yes
lt_cv_prog_gnu_ldcxx=yes
lt_cv_sharedlib_from_linklib_cmd='printf %s\n'
lt_cv_shlibpath_overrides_runpath=no
lt_cv_sys_global_symbol_pipe='sed -n -e '\''s/^.*[	 ]\([ABCDGIRSTW][ABCDGIRSTW]*\)[	 ][	 ]*\([_A-Za-z][_A-Za-z0-9]*\)$/\1 \2 \2/p'\'' | sed '\''/ __gnu_lto/d'\'''
lt_cv_sys_global_symbol_to_c_name_address='sed -n -e '\''s/^: \([^ ]*\)[ ]*$/  {\"\1\", (void *) 0},/p'\'' -e '\''s/^[ABCDGIRSTW]* \([^ ]*\) \([^ ]*\)$/  {"\2", (void *) \&\2},/p'\'''
lt_cv_sys_global_symbol_to_c_name_address_lib_prefix='sed -n -e '\''s/^: \([^ ]*\)[ ]*$/  {\"\1\", (void *) 0},/p'\'' -e '\''s/^[ABCDGIRSTW]* \([^ ]*\) \(lib[^ ]*\)$/  {"\2", (void *) \&\2},/p'\'' -e '\''s/^[ABCDGIRSTW]* \([^ ]*\) \([^ ]*\)$/  {"lib\2", (void *) \&\2},/p'\'''
lt_cv_sys_global_symbol_to_cdecl='sed -n -e '\''s/^T .* \(.*\)$/extern int \1();/p'\'' -e '\''s/^[ABCDGIRSTW]* .* \(.*\)$/extern char \1;/p'\'''
lt_cv_sys_max_cmd_len=1572864
lt_cv_to_host_file_cmd=func_convert_file_noop
lt_cv_to_tool_file_cmd=func_convert_file_noop

## ----------------- ##
## Output variables. ##
## ----------------- ##

ACLOCAL='${SHELL} /root/belle-sip/missing aclocal-1.14'
AMDEPBACKSLASH='\'
AMDEP_FALSE='#'
AMDEP_TRUE=''
AMTAR='$${TAR-tar}'
AM_BACKSLASH='\'
AM_DEFAULT_V='$(AM_DEFAULT_VERBOSITY)'
AM_DEFAULT_VERBOSITY='0'
AM_V='$(V)'
ANTLR='/usr/lib64/jvm/gcj-jdk/bin/java -jar /usr/share/java/antlr3.jar'
ANTLR_CFLAGS=''
ANTLR_LIBS=' -lantlr3c'
AR='ar'
AS='as'
AUTOCONF='${SHELL} /root/belle-sip/missing autoconf'
AUTOHEADER='${SHELL} /root/belle-sip/missing autoheader'
AUTOMAKE='${SHELL} /root/belle-sip/missing automake-1.14'
AWK='gawk'
BELLESIP_SO_CURRENT='0'
BELLESIP_SO_VERSION='0:0:0'
BUILD_IOS_FALSE=''
BUILD_IOS_TRUE='#'
BUILD_TLS_FALSE=''
BUILD_TLS_TRUE='#'
BUILD_TUNNEL_FALSE=''
BUILD_TUNNEL_TRUE='#'
CC='gcc'
CCDEPMODE='depmode=gcc3'
CFLAGS='-g -O2 -fms-extensions -g'
CPP='gcc -E'
CPPFLAGS=''
CUNIT_CFLAGS=''
CUNIT_LIBS=''
CXX='g++'
CXXCPP='g++ -E'
CXXDEPMODE='depmode=gcc3'
CXXFLAGS='-g -O2'
CYGPATH_W='echo'
DEFS='-DHAVE_CONFIG_H'
DEPDIR='.deps'
DLLTOOL='false'
DSYMUTIL=''
DUMPBIN=''
ECHO_C=''
ECHO_N='-n'
ECHO_T=''
EGREP='/usr/bin/grep -E'
ENABLE_TESTS_FALSE=''
ENABLE_TESTS_TRUE='#'
EXEEXT=''
FGREP='/usr/bin/grep -F'
GREP='/usr/bin/grep'
INSTALL_DATA='${INSTALL} -m 644'
INSTALL_PROGRAM='${INSTALL}'
INSTALL_SCRIPT='${INSTALL}'
INSTALL_STRIP_PROGRAM='$(install_sh) -c -s'
JAVA='/usr/lib64/jvm/gcj-jdk/bin/java'
LD='/usr/x86_64-linux-gnu/bin/ld -m elf_x86_64'
LDFLAGS=''
LESS_STRICT_OPTIONS=''
LIBBELLESIP_CFLAGS=''
LIBOBJS=''
LIBS='-lpthread -ldl -lrt '
LIBS_PRIVATE='  -lantlr3c  -lpolarssl'
LIBTOOL='$(SHELL) $(top_builddir)/libtool'
LIPO=''
LN_S='ln -s'
LTLIBOBJS=''
MAKEINFO='${SHELL} /root/belle-sip/missing makeinfo'
MANIFEST_TOOL=':'
MKDIR_P='/usr/bin/mkdir -p'
NM='/usr/bin/nm -B'
NMEDIT=''
OBJC='gcc'
OBJCDEPMODE='depmode=gcc3'
OBJCFLAGS='-g -O2'
OBJDUMP='objdump'
OBJEXT='o'
OTOOL64=''
OTOOL=''
PACKAGE='belle-sip'
PACKAGE_BUGREPORT='jehan.monnier@linphone.org'
PACKAGE_NAME='belle-sip'
PACKAGE_STRING='belle-sip 1.3.3'
PACKAGE_TARNAME='belle-sip'
PACKAGE_URL=''
PACKAGE_VERSION='1.3.3'
PATH_SEPARATOR=':'
PKG_CONFIG='/usr/bin/pkg-config'
PKG_CONFIG_LIBDIR=''
PKG_CONFIG_PATH=''
RANLIB='ranlib'
REQUIRES_PRIVATE=''
SED='/usr/bin/sed'
SET_MAKE=''
SHELL='/bin/sh'
STRICT_OPTIONS='-Wall -Wno-error=pragmas -Werror -Wno-error=unknown-pragmas -Wuninitialized'
STRICT_OPTIONS_CC=' -Wdeclaration-after-statement'
STRICT_OPTIONS_CXX=''
STRIP='strip'
TLS_CFLAGS=''
TLS_LIBS=''
TLS_PC=''
TUNNEL_CFLAGS=''
TUNNEL_LIBS=''
VERSION='1.3.3'
ac_ct_AR='ar'
ac_ct_CC='gcc'
ac_ct_CXX='g++'
ac_ct_DUMPBIN=''
ac_ct_OBJC='gcc'
am__EXEEXT_FALSE=''
am__EXEEXT_TRUE='#'
am__fastdepCC_FALSE='#'
am__fastdepCC_TRUE=''
am__fastdepCXX_FALSE='#'
am__fastdepCXX_TRUE=''
am__fastdepOBJC_FALSE='#'
am__fastdepOBJC_TRUE=''
am__include='include'
am__isrc=''
am__leading_dot='.'
am__nodep='_no'
am__quote=''
am__tar='$${TAR-tar} chof - "$$tardir"'
am__untar='$${TAR-tar} xf -'
bindir='${exec_prefix}/bin'
build='x86_64-unknown-linux-gnu'
build_alias=''
build_cpu='x86_64'
build_os='linux-gnu'
build_vendor='unknown'
datadir='${datarootdir}'
datarootdir='${prefix}/share'
docdir='${datarootdir}/doc/${PACKAGE_TARNAME}'
dvidir='${docdir}'
exec_prefix='${prefix}'
host='x86_64-unknown-linux-gnu'
host_alias=''
host_cpu='x86_64'
host_os='linux-gnu'
host_vendor='unknown'
htmldir='${docdir}'
includedir='${prefix}/include'
infodir='${datarootdir}/info'
install_sh='${SHELL} /root/belle-sip/install-sh'
libdir='${exec_prefix}/lib'
libexecdir='${exec_prefix}/libexec'
localedir='${datarootdir}/locale'
localstatedir='${prefix}/var'
mandir='${datarootdir}/man'
mkdir_p='$(MKDIR_P)'
oldincludedir='/usr/include'
pdfdir='${docdir}'
prefix='/usr/local'
program_transform_name='s,x,x,'
psdir='${docdir}'
sbindir='${exec_prefix}/sbin'
sharedstatedir='${prefix}/com'
sysconfdir='${prefix}/etc'
target='x86_64-unknown-linux-gnu'
target_alias=''
target_cpu='x86_64'
target_os='linux-gnu'
target_vendor='unknown'

## ----------- ##
## confdefs.h. ##
## ----------- ##

/* confdefs.h */
#define PACKAGE_NAME "belle-sip"
#define PACKAGE_TARNAME "belle-sip"
#define PACKAGE_VERSION "1.3.3"
#define PACKAGE_STRING "belle-sip 1.3.3"
#define PACKAGE_BUGREPORT "jehan.monnier@linphone.org"
#define PACKAGE_URL ""
#define PACKAGE "belle-sip"
#define VERSION "1.3.3"
#define STDC_HEADERS 1
#define HAVE_SYS_TYPES_H 1
#define HAVE_SYS_STAT_H 1
#define HAVE_STDLIB_H 1
#define HAVE_STRING_H 1
#define HAVE_MEMORY_H 1
#define HAVE_STRINGS_H 1
#define HAVE_INTTYPES_H 1
#define HAVE_STDINT_H 1
#define HAVE_UNISTD_H 1
#define HAVE_DLFCN_H 1
#define LT_OBJDIR ".libs/"
#define HAVE_ANTLR3_H 1
#define HAVE_ANTLR_STRING_STREAM_NEW 1
#define ENABLE_SERVER_SOCKETS 1
#define HAVE_LIBRT 1
#define HAVE_LIBDL 1
#define HAVE_LIBPTHREAD 1

configure: exit 0
